<?xml version="1.0" encoding="UTF-8"?>
<!-- Generated by org.testng.reporters.JUnitReportReporter -->
<testsuite hostname="LTIN268312" name="com.restAssured.api.PutResponse" tests="1" failures="0" timestamp="26 Jul 2022 12:05:27 GMT" time="0.469" errors="0">
  <testcase name="put" time="0.469" classname="com.restAssured.api.PutResponse"/>
</testsuite>
