<?xml version="1.0" encoding="UTF-8"?>
<!-- Generated by org.testng.reporters.JUnitReportReporter -->
<testsuite hostname="LTIN268312" name="com.restAssured.api.GetResponse" tests="1" failures="0" timestamp="26 Jul 2022 12:05:27 GMT" time="5.429" errors="0">
  <testcase name="Get" time="5.429" classname="com.restAssured.api.GetResponse"/>
</testsuite>
