<?xml version="1.0" encoding="UTF-8"?>
<!-- Generated by org.testng.reporters.JUnitReportReporter -->
<testsuite hostname="LTIN268312" name="com.restAssured.api.patchResponse" tests="1" failures="0" timestamp="26 Jul 2022 12:05:27 GMT" time="0.361" errors="0">
  <testcase name="patch" time="0.361" classname="com.restAssured.api.patchResponse"/>
</testsuite>
